plaq = 0.052160
plaq = 0.074062
plaq = 0.092315
plaq = 0.112761
plaq = 0.133774
plaq = 0.156574
plaq = 0.173950
plaq = 0.193456
plaq = 0.207328
plaq = 0.227144
plaq = 0.243221
plaq = 0.257720
plaq = 0.275128
plaq = 0.290658
plaq = 0.302203
plaq = 0.317794
plaq = 0.332414
plaq = 0.347088
plaq = 0.360888
plaq = 0.373353
plaq = 0.390365
plaq = 0.404743
plaq = 0.415408
plaq = 0.429193
plaq = 0.439945
plaq = 0.448677
plaq = 0.459984
plaq = 0.466897
plaq = 0.476302
plaq = 0.487560
plaq = 0.496374
plaq = 0.504273
plaq = 0.508379
plaq = 0.514890
plaq = 0.522412
plaq = 0.526592
plaq = 0.532132
plaq = 0.536312
plaq = 0.541936
plaq = 0.551630
plaq = 0.555587
plaq = 0.561519
plaq = 0.565781
plaq = 0.570591
plaq = 0.572595
plaq = 0.574807
plaq = 0.576937
plaq = 0.582496
plaq = 0.588386
plaq = 0.589556
plaq = 0.595544
plaq = 0.599126
plaq = 0.605900
plaq = 0.610378
plaq = 0.614123
plaq = 0.617088
plaq = 0.623006
plaq = 0.626191
plaq = 0.627655
plaq = 0.629638
plaq = 0.632157
plaq = 0.635520
plaq = 0.638769
plaq = 0.644677
plaq = 0.645944
plaq = 0.650049
plaq = 0.652904
plaq = 0.655676
plaq = 0.662291
plaq = 0.666558
plaq = 0.669127
plaq = 0.669855
plaq = 0.673131
plaq = 0.676904
plaq = 0.675904
plaq = 0.677504
plaq = 0.683146
plaq = 0.688015
plaq = 0.689544
plaq = 0.690838
plaq = 0.695833
plaq = 0.695454
plaq = 0.697282
plaq = 0.698941
plaq = 0.696170
plaq = 0.697784
plaq = 0.697281
plaq = 0.698035
plaq = 0.695543
plaq = 0.697655
plaq = 0.699519
plaq = 0.703364
plaq = 0.704402
plaq = 0.705692
plaq = 0.703995
plaq = 0.706173
plaq = 0.709324
plaq = 0.713704
plaq = 0.716449
plaq = 0.718472
plaq = 0.718834
plaq = 0.717422
plaq = 0.718037
plaq = 0.721056
plaq = 0.720683
plaq = 0.723468
plaq = 0.726031
plaq = 0.726616
plaq = 0.726026
plaq = 0.724103
plaq = 0.722809
plaq = 0.720144
plaq = 0.719588
plaq = 0.723435
plaq = 0.724317
plaq = 0.724958
plaq = 0.731493
plaq = 0.733933
plaq = 0.738266
plaq = 0.742438
plaq = 0.739597
plaq = 0.739376
plaq = 0.741967
plaq = 0.739344
plaq = 0.740986
plaq = 0.741465
plaq = 0.742134
plaq = 0.739595
plaq = 0.739806
plaq = 0.742630
plaq = 0.742130
plaq = 0.741065
plaq = 0.743733
plaq = 0.743355
plaq = 0.741911
plaq = 0.741302
plaq = 0.740150
plaq = 0.740610
plaq = 0.739938
plaq = 0.740790
plaq = 0.741563
plaq = 0.743913
plaq = 0.743645
plaq = 0.746244
plaq = 0.747180
plaq = 0.749377
plaq = 0.748443
plaq = 0.748060
plaq = 0.745824
plaq = 0.746070
plaq = 0.747531
plaq = 0.749185
plaq = 0.752103
plaq = 0.749686
plaq = 0.750454
plaq = 0.751297
plaq = 0.754381
plaq = 0.757598
plaq = 0.756089
plaq = 0.754549
plaq = 0.756033
plaq = 0.756901
plaq = 0.758579
plaq = 0.757246
plaq = 0.758274
plaq = 0.758943
plaq = 0.758366
plaq = 0.759090
plaq = 0.762896
plaq = 0.762708
plaq = 0.763229
plaq = 0.764980
plaq = 0.761728
plaq = 0.762170
plaq = 0.762207
plaq = 0.757986
plaq = 0.758765
plaq = 0.760457
plaq = 0.761233
plaq = 0.761122
plaq = 0.761442
plaq = 0.758207
plaq = 0.760308
plaq = 0.758715
plaq = 0.758827
plaq = 0.756676
plaq = 0.755148
plaq = 0.754399
plaq = 0.756453
plaq = 0.753735
plaq = 0.752713
plaq = 0.754963
plaq = 0.759318
plaq = 0.757861
plaq = 0.758221
plaq = 0.756958
plaq = 0.760639
plaq = 0.764149
plaq = 0.760878
plaq = 0.760709
plaq = 0.761631
plaq = 0.763530
plaq = 0.761279
plaq = 0.762923
plaq = 0.762284
plaq = 0.762800
plaq = 0.761992
plaq = 0.761497
plaq = 0.761338
plaq = 0.762199
plaq = 0.762408
plaq = 0.762145
plaq = 0.760919
plaq = 0.758540
plaq = 0.758881
plaq = 0.760051
plaq = 0.762358
plaq = 0.764540
plaq = 0.763139
plaq = 0.765587
plaq = 0.767149
plaq = 0.768705
plaq = 0.770584
plaq = 0.769472
plaq = 0.768831
plaq = 0.767631
plaq = 0.765333
plaq = 0.767184
plaq = 0.769717
plaq = 0.771910
plaq = 0.769740
plaq = 0.770365
plaq = 0.771450
plaq = 0.771099
plaq = 0.772172
plaq = 0.773084
plaq = 0.769891
plaq = 0.772042
plaq = 0.777342
plaq = 0.777697
plaq = 0.778732
plaq = 0.775709
plaq = 0.776318
plaq = 0.773584
plaq = 0.770785
plaq = 0.767939
plaq = 0.769490
plaq = 0.768473
plaq = 0.766919
plaq = 0.769425
plaq = 0.771522
plaq = 0.770574
plaq = 0.770875
plaq = 0.775778
plaq = 0.776064
plaq = 0.778822
plaq = 0.777471
plaq = 0.777292
plaq = 0.776996
plaq = 0.776932
plaq = 0.777686
plaq = 0.774179
plaq = 0.774242
plaq = 0.776437
plaq = 0.777518
plaq = 0.779285
plaq = 0.777976
plaq = 0.772388
plaq = 0.772102
plaq = 0.771036
plaq = 0.768439
plaq = 0.767646
plaq = 0.769682
plaq = 0.771850
plaq = 0.769827
plaq = 0.768772
plaq = 0.767246
plaq = 0.771015
plaq = 0.772598
plaq = 0.774540
plaq = 0.772097
plaq = 0.772768
plaq = 0.774450
plaq = 0.772820
plaq = 0.772979
plaq = 0.773047
plaq = 0.775024
plaq = 0.776236
plaq = 0.773732
plaq = 0.774412
plaq = 0.772923
plaq = 0.769444
plaq = 0.766841
plaq = 0.767407
plaq = 0.769958
plaq = 0.770977
plaq = 0.770862
plaq = 0.773397
plaq = 0.775140
plaq = 0.771464
plaq = 0.771955
plaq = 0.771972
plaq = 0.771511
plaq = 0.772231
plaq = 0.773235
plaq = 0.774772
plaq = 0.773055
plaq = 0.774675
plaq = 0.778472
plaq = 0.779346
plaq = 0.778627
plaq = 0.781136
plaq = 0.779245
plaq = 0.781349
plaq = 0.782876
plaq = 0.779826
plaq = 0.779553
plaq = 0.782913
plaq = 0.781046
plaq = 0.780525
plaq = 0.777697
plaq = 0.779007
plaq = 0.781262
plaq = 0.783487
plaq = 0.781624
plaq = 0.779487
plaq = 0.778928
plaq = 0.781310
plaq = 0.782721
plaq = 0.783978
plaq = 0.785753
plaq = 0.782955
plaq = 0.783020
plaq = 0.781088
plaq = 0.786094
plaq = 0.785469
plaq = 0.783716
plaq = 0.783015
plaq = 0.780469
plaq = 0.782157
plaq = 0.785730
plaq = 0.781577
plaq = 0.781896
plaq = 0.781391
plaq = 0.781498
plaq = 0.777289
plaq = 0.780740
plaq = 0.783166
plaq = 0.782009
plaq = 0.781173
plaq = 0.781101
plaq = 0.779575
plaq = 0.780667
plaq = 0.782337
plaq = 0.782891
plaq = 0.782589
plaq = 0.780236
plaq = 0.780734
plaq = 0.779498
plaq = 0.778906
plaq = 0.778025
plaq = 0.778364
plaq = 0.778272
plaq = 0.779168
plaq = 0.780932
plaq = 0.778002
plaq = 0.778986
plaq = 0.778030
plaq = 0.778169
plaq = 0.775872
plaq = 0.778089
plaq = 0.776769
plaq = 0.777483
plaq = 0.776241
plaq = 0.776979
plaq = 0.777671
plaq = 0.779071
plaq = 0.775887
plaq = 0.776966
plaq = 0.778477
plaq = 0.778530
plaq = 0.778672
plaq = 0.778073
plaq = 0.779682
plaq = 0.780033
plaq = 0.779642
plaq = 0.778820
plaq = 0.779517
plaq = 0.780119
plaq = 0.778947
plaq = 0.778923
plaq = 0.779360
plaq = 0.779673
plaq = 0.782291
plaq = 0.782368
plaq = 0.783290
plaq = 0.785377
plaq = 0.786619
plaq = 0.786556
plaq = 0.788227
plaq = 0.786909
plaq = 0.786436
plaq = 0.786326
plaq = 0.784199
plaq = 0.783031
plaq = 0.784277
plaq = 0.779924
plaq = 0.778679
plaq = 0.775160
plaq = 0.775754
plaq = 0.776586
plaq = 0.773974
plaq = 0.776296
plaq = 0.779968
plaq = 0.780102
plaq = 0.785184
plaq = 0.784219
plaq = 0.781287
plaq = 0.784694
plaq = 0.787399
plaq = 0.786419
plaq = 0.790438
plaq = 0.788057
plaq = 0.788114
plaq = 0.790167
plaq = 0.787239
plaq = 0.786202
plaq = 0.785533
plaq = 0.782925
plaq = 0.781954
plaq = 0.784362
plaq = 0.784352
plaq = 0.784118
plaq = 0.784600
plaq = 0.786222
plaq = 0.783576
plaq = 0.783773
plaq = 0.782092
plaq = 0.782856
plaq = 0.782814
plaq = 0.785356
plaq = 0.783425
plaq = 0.781987
plaq = 0.784368
plaq = 0.784412
plaq = 0.783344
plaq = 0.783103
plaq = 0.783387
plaq = 0.785076
plaq = 0.784081
plaq = 0.781627
plaq = 0.779493
plaq = 0.781146
plaq = 0.782673
plaq = 0.783389
plaq = 0.782700
plaq = 0.782267
plaq = 0.784632
plaq = 0.784894
plaq = 0.783634
plaq = 0.784377
plaq = 0.786386
plaq = 0.785078
plaq = 0.785514
plaq = 0.784745
plaq = 0.781047
plaq = 0.776622
plaq = 0.781174
plaq = 0.782460
plaq = 0.780442
plaq = 0.779788
plaq = 0.779882
plaq = 0.782345
plaq = 0.782100
plaq = 0.778071
plaq = 0.775463
plaq = 0.777834
plaq = 0.778488
plaq = 0.778427
plaq = 0.777017
plaq = 0.779857
plaq = 0.780690
plaq = 0.779786
plaq = 0.782152
plaq = 0.781235
plaq = 0.780348
plaq = 0.776971
plaq = 0.776397
plaq = 0.773783
plaq = 0.773716
plaq = 0.773382
plaq = 0.774738
plaq = 0.773144
plaq = 0.772102
plaq = 0.772777
plaq = 0.775346
plaq = 0.776077
plaq = 0.778852
plaq = 0.778216
plaq = 0.776695
plaq = 0.775130
plaq = 0.776877
plaq = 0.778887
plaq = 0.780308
plaq = 0.779334
plaq = 0.776130
plaq = 0.779073
plaq = 0.775862
plaq = 0.776502
plaq = 0.777420
plaq = 0.777832
plaq = 0.779958
plaq = 0.778175
plaq = 0.778521
plaq = 0.778235
plaq = 0.781377
plaq = 0.784225
plaq = 0.784316
plaq = 0.781233
plaq = 0.783408
plaq = 0.785332
plaq = 0.782194
plaq = 0.782590
plaq = 0.782500
plaq = 0.781778
plaq = 0.778619
plaq = 0.775039
plaq = 0.774409
plaq = 0.777157
plaq = 0.775296
plaq = 0.773877
plaq = 0.770943
plaq = 0.769935
plaq = 0.767927
plaq = 0.768997
plaq = 0.767239
plaq = 0.766342
plaq = 0.765614
plaq = 0.766227
plaq = 0.768103
plaq = 0.769118
plaq = 0.765814
plaq = 0.767092
plaq = 0.768658
plaq = 0.765032
plaq = 0.764926
plaq = 0.763869
plaq = 0.765586
plaq = 0.763912
plaq = 0.766088
plaq = 0.765634
plaq = 0.769047
plaq = 0.772570
plaq = 0.771768
plaq = 0.773901
plaq = 0.771642
plaq = 0.772316
plaq = 0.770953
plaq = 0.770319
plaq = 0.771369
plaq = 0.770067
plaq = 0.773899
plaq = 0.772642
plaq = 0.771419
plaq = 0.772145
plaq = 0.774950
plaq = 0.775852
plaq = 0.776648
plaq = 0.776266
plaq = 0.773607
plaq = 0.775869
plaq = 0.775206
plaq = 0.774680
plaq = 0.774702
plaq = 0.774350
plaq = 0.775816
plaq = 0.775771
plaq = 0.775065
plaq = 0.775786
plaq = 0.773781
plaq = 0.777649
plaq = 0.777441
plaq = 0.776676
plaq = 0.776662
plaq = 0.777303
plaq = 0.780427
plaq = 0.779944
plaq = 0.782079
plaq = 0.781806
plaq = 0.781883
plaq = 0.782662
plaq = 0.786658
plaq = 0.791849
plaq = 0.792155
plaq = 0.791566
plaq = 0.787676
plaq = 0.786522
plaq = 0.782939
plaq = 0.780074
plaq = 0.776569
plaq = 0.776956
plaq = 0.778161
plaq = 0.780856
plaq = 0.782246
plaq = 0.784160
plaq = 0.784252
plaq = 0.783184
plaq = 0.783462
plaq = 0.784030
plaq = 0.782219
plaq = 0.780504
plaq = 0.781794
plaq = 0.781277
plaq = 0.783436
plaq = 0.779995
plaq = 0.779378
plaq = 0.778651
plaq = 0.778963
plaq = 0.778605
plaq = 0.778776
plaq = 0.777370
plaq = 0.779678
plaq = 0.777652
plaq = 0.780761
plaq = 0.782625
plaq = 0.780077
plaq = 0.780067
plaq = 0.777758
plaq = 0.776538
plaq = 0.776906
plaq = 0.777493
plaq = 0.777798
plaq = 0.781575
plaq = 0.782302
plaq = 0.780117
plaq = 0.781959
plaq = 0.780754
plaq = 0.781027
plaq = 0.779239
plaq = 0.777497
plaq = 0.779067
plaq = 0.779011
plaq = 0.780219
plaq = 0.778298
plaq = 0.780048
plaq = 0.780862
plaq = 0.779478
plaq = 0.780215
plaq = 0.780122
plaq = 0.779476
plaq = 0.779671
plaq = 0.779367
plaq = 0.779516
plaq = 0.777335
plaq = 0.777094
plaq = 0.777638
plaq = 0.775371
plaq = 0.775230
plaq = 0.778453
plaq = 0.779182
plaq = 0.781221
plaq = 0.781966
plaq = 0.779982
plaq = 0.780189
plaq = 0.776377
plaq = 0.778411
plaq = 0.779447
plaq = 0.780469
plaq = 0.779575
plaq = 0.778673
plaq = 0.778237
plaq = 0.777233
plaq = 0.778675
plaq = 0.780937
plaq = 0.780834
plaq = 0.783569
plaq = 0.782894
plaq = 0.784369
plaq = 0.783939
plaq = 0.783777
plaq = 0.783971
plaq = 0.784314
plaq = 0.785495
plaq = 0.783689
plaq = 0.782476
plaq = 0.781772
plaq = 0.785402
plaq = 0.783173
plaq = 0.785177
plaq = 0.783961
plaq = 0.782914
plaq = 0.784268
plaq = 0.785316
plaq = 0.784636
plaq = 0.785300
plaq = 0.785455
plaq = 0.785867
plaq = 0.785615
plaq = 0.787156
plaq = 0.788691
plaq = 0.784894
plaq = 0.784286
plaq = 0.783242
plaq = 0.784163
plaq = 0.787579
plaq = 0.786631
plaq = 0.787148
plaq = 0.787559
plaq = 0.789218
plaq = 0.787758
plaq = 0.786343
plaq = 0.784543
plaq = 0.787359
plaq = 0.784477
plaq = 0.786966
plaq = 0.787363
plaq = 0.783541
plaq = 0.786320
plaq = 0.784165
plaq = 0.782031
plaq = 0.783406
plaq = 0.783009
plaq = 0.785163
plaq = 0.784631
plaq = 0.787390
plaq = 0.787162
plaq = 0.788552
plaq = 0.788888
plaq = 0.789153
plaq = 0.789725
plaq = 0.791060
plaq = 0.790861
plaq = 0.788261
plaq = 0.789919
plaq = 0.788864
plaq = 0.788910
plaq = 0.789092
plaq = 0.787607
plaq = 0.787484
plaq = 0.787862
plaq = 0.788491
plaq = 0.787694
plaq = 0.787357
plaq = 0.790347
plaq = 0.787781
plaq = 0.785783
plaq = 0.787301
plaq = 0.788737
plaq = 0.791057
plaq = 0.788857
plaq = 0.785579
plaq = 0.786855
plaq = 0.785354
plaq = 0.784065
plaq = 0.783439
plaq = 0.782529
plaq = 0.784559
plaq = 0.785403
plaq = 0.784598
plaq = 0.784930
plaq = 0.785103
plaq = 0.785436
plaq = 0.786821
plaq = 0.786702
plaq = 0.786641
plaq = 0.785046
plaq = 0.785145
plaq = 0.783252
plaq = 0.785253
plaq = 0.787756
plaq = 0.789301
plaq = 0.788000
plaq = 0.785609
plaq = 0.786819
plaq = 0.787162
plaq = 0.784981
plaq = 0.785393
plaq = 0.786734
plaq = 0.788479
plaq = 0.788808
plaq = 0.787079
plaq = 0.786561
plaq = 0.783858
plaq = 0.781677
plaq = 0.781055
plaq = 0.778764
plaq = 0.778469
plaq = 0.779317
plaq = 0.783554
plaq = 0.782259
plaq = 0.781206
plaq = 0.780365
plaq = 0.779908
plaq = 0.779439
plaq = 0.781114
plaq = 0.780985
plaq = 0.785378
plaq = 0.788824
plaq = 0.790941
plaq = 0.788844
plaq = 0.789139
plaq = 0.787153
plaq = 0.788483
plaq = 0.788097
plaq = 0.786148
plaq = 0.787684
plaq = 0.788748
plaq = 0.787936
plaq = 0.785594
plaq = 0.782866
plaq = 0.785487
plaq = 0.784810
plaq = 0.787708
plaq = 0.786147
plaq = 0.788842
plaq = 0.787683
plaq = 0.784347
plaq = 0.783079
plaq = 0.785238
plaq = 0.788288
plaq = 0.789741
plaq = 0.790829
plaq = 0.789994
plaq = 0.791324
plaq = 0.793248
plaq = 0.794942
plaq = 0.794759
plaq = 0.792920
plaq = 0.793544
plaq = 0.791308
plaq = 0.791239
plaq = 0.792502
plaq = 0.793918
plaq = 0.793400
plaq = 0.792001
plaq = 0.791228
plaq = 0.790673
plaq = 0.791572
plaq = 0.789250
plaq = 0.787430
plaq = 0.786596
plaq = 0.785752
plaq = 0.785394
plaq = 0.786896
plaq = 0.787234
plaq = 0.787378
plaq = 0.784738
plaq = 0.784515
plaq = 0.784393
plaq = 0.781690
plaq = 0.778633
plaq = 0.779318
plaq = 0.776822
plaq = 0.775675
plaq = 0.776995
plaq = 0.775292
plaq = 0.776386
plaq = 0.779033
plaq = 0.781827
plaq = 0.783175
plaq = 0.783259
plaq = 0.780037
plaq = 0.781269
plaq = 0.781695
plaq = 0.778043
plaq = 0.780713
plaq = 0.780928
plaq = 0.784300
plaq = 0.785122
plaq = 0.782469
plaq = 0.783825
plaq = 0.786134
plaq = 0.785073
plaq = 0.785730
plaq = 0.787472
plaq = 0.787123
plaq = 0.788822
plaq = 0.790421
plaq = 0.785584
plaq = 0.787532
plaq = 0.787577
plaq = 0.787940
plaq = 0.790357
plaq = 0.790175
plaq = 0.790692
plaq = 0.786971
plaq = 0.790226
plaq = 0.787144
plaq = 0.785622
plaq = 0.783395
plaq = 0.780513
plaq = 0.783571
plaq = 0.783152
plaq = 0.781789
plaq = 0.783167
plaq = 0.784312
plaq = 0.785743
plaq = 0.785063
plaq = 0.785084
plaq = 0.784829
plaq = 0.787099
plaq = 0.788409
plaq = 0.793039
plaq = 0.793622
plaq = 0.792375
plaq = 0.789680
plaq = 0.785368
plaq = 0.783767
plaq = 0.782765
plaq = 0.783005
plaq = 0.784717
plaq = 0.786748
plaq = 0.786695
plaq = 0.786960
plaq = 0.785832
plaq = 0.784656
plaq = 0.784556
plaq = 0.782686
plaq = 0.782456
plaq = 0.780417
plaq = 0.778865
plaq = 0.779539
plaq = 0.776148
plaq = 0.779300
plaq = 0.776839
plaq = 0.774738
plaq = 0.775725
plaq = 0.781119
plaq = 0.779234
plaq = 0.784127
plaq = 0.787699
plaq = 0.783491
plaq = 0.783377
plaq = 0.782234
plaq = 0.784014
plaq = 0.787933
plaq = 0.787784
plaq = 0.791389
plaq = 0.790427
plaq = 0.786368
plaq = 0.783798
plaq = 0.782933
plaq = 0.781998
plaq = 0.782107
plaq = 0.780806
plaq = 0.779202
plaq = 0.780485
plaq = 0.782347
plaq = 0.782096
plaq = 0.781742
plaq = 0.782082
plaq = 0.784233
plaq = 0.783188
plaq = 0.781811
plaq = 0.785956
plaq = 0.786104
plaq = 0.784931
plaq = 0.784381
plaq = 0.789522
plaq = 0.788465
plaq = 0.789873
plaq = 0.791281
plaq = 0.789264
plaq = 0.787548
plaq = 0.790688
plaq = 0.789949
plaq = 0.791116
plaq = 0.790486
plaq = 0.786427
plaq = 0.786978
plaq = 0.785764
plaq = 0.788545
plaq = 0.787337
plaq = 0.789271
plaq = 0.788616
plaq = 0.788940
plaq = 0.787712
plaq = 0.785158
plaq = 0.779588
plaq = 0.781441
plaq = 0.783891
plaq = 0.779730
plaq = 0.776752
plaq = 0.778991
plaq = 0.776844
plaq = 0.775469
plaq = 0.776468
plaq = 0.775504
plaq = 0.777482
plaq = 0.776439
plaq = 0.778236
plaq = 0.780408
plaq = 0.780096
plaq = 0.779690
plaq = 0.779780
plaq = 0.782077
plaq = 0.781877
plaq = 0.778722
plaq = 0.779605
plaq = 0.778443
plaq = 0.778930
plaq = 0.777774
plaq = 0.778756
plaq = 0.778624
plaq = 0.778948
plaq = 0.779449
plaq = 0.776934
plaq = 0.779812
plaq = 0.782014
plaq = 0.781055
plaq = 0.784543
plaq = 0.783129
plaq = 0.786098
plaq = 0.785913
plaq = 0.786764
plaq = 0.791143
plaq = 0.791746
plaq = 0.792016
plaq = 0.793532
plaq = 0.791880
plaq = 0.791244
plaq = 0.793875
plaq = 0.794145
plaq = 0.792040
plaq = 0.792064
plaq = 0.791492
plaq = 0.791297
plaq = 0.790670
plaq = 0.790006
plaq = 0.790673
plaq = 0.791434
plaq = 0.794141
plaq = 0.793921
plaq = 0.792074
plaq = 0.787358
plaq = 0.786921
plaq = 0.786004
plaq = 0.785320
plaq = 0.783011
plaq = 0.780740
plaq = 0.780793
plaq = 0.779420
plaq = 0.781111
plaq = 0.783309
plaq = 0.782869
plaq = 0.781523
plaq = 0.784687
plaq = 0.790287
plaq = 0.789067
plaq = 0.790433
plaq = 0.787941
plaq = 0.786461
plaq = 0.783707
plaq = 0.782359
plaq = 0.781905
plaq = 0.784350
plaq = 0.783105
plaq = 0.786991
plaq = 0.786527
plaq = 0.786653
plaq = 0.786689
plaq = 0.785068
plaq = 0.786936
plaq = 0.787340
plaq = 0.785675
plaq = 0.784246
plaq = 0.784320
plaq = 0.788194
plaq = 0.785718
plaq = 0.785453
plaq = 0.786066
plaq = 0.786137
plaq = 0.785614
plaq = 0.784704
plaq = 0.784958
plaq = 0.785537
plaq = 0.783634
plaq = 0.784875
plaq = 0.784721
plaq = 0.782462
plaq = 0.782520
plaq = 0.780995
plaq = 0.782876
plaq = 0.779333
plaq = 0.782714
plaq = 0.784385
plaq = 0.782891
plaq = 0.786318
plaq = 0.785305
plaq = 0.788486
plaq = 0.787098
plaq = 0.784362
plaq = 0.783518
plaq = 0.781466
plaq = 0.784488
plaq = 0.783056
plaq = 0.779893
plaq = 0.778975
plaq = 0.777692
plaq = 0.778602
plaq = 0.782991
plaq = 0.783249
plaq = 0.782863
plaq = 0.783474
plaq = 0.782324
plaq = 0.781264
plaq = 0.783373
plaq = 0.785639
plaq = 0.784197
plaq = 0.783916
plaq = 0.784377
plaq = 0.783726
plaq = 0.785794
plaq = 0.786101
plaq = 0.788750
plaq = 0.788943
plaq = 0.790372
plaq = 0.791091
plaq = 0.792468
plaq = 0.791848
plaq = 0.791013
plaq = 0.791127
plaq = 0.795804
plaq = 0.797438
plaq = 0.800385
plaq = 0.797864
plaq = 0.795156
plaq = 0.794987
plaq = 0.793574
plaq = 0.789750
plaq = 0.791611
plaq = 0.792483
plaq = 0.791573
plaq = 0.792011
plaq = 0.795383
plaq = 0.793208
plaq = 0.794801
plaq = 0.795847
plaq = 0.796486
plaq = 0.795462
plaq = 0.795073
plaq = 0.794103
plaq = 0.791519
plaq = 0.791862
plaq = 0.791104
plaq = 0.790576
plaq = 0.790095
plaq = 0.793820
plaq = 0.790715
plaq = 0.787244
plaq = 0.790122
plaq = 0.792653
plaq = 0.795134
plaq = 0.796800
plaq = 0.795060
plaq = 0.792759
plaq = 0.793223
plaq = 0.793793
plaq = 0.793962
plaq = 0.793809
plaq = 0.793737
plaq = 0.792212
plaq = 0.794463
plaq = 0.796423
plaq = 0.795750
plaq = 0.796781
plaq = 0.794756
plaq = 0.792482
plaq = 0.792243
plaq = 0.790271
plaq = 0.787188
plaq = 0.784842
plaq = 0.782579
plaq = 0.780852
plaq = 0.778505
plaq = 0.781221
plaq = 0.783044
plaq = 0.783320
plaq = 0.783692
plaq = 0.783420
plaq = 0.782590
plaq = 0.782583
plaq = 0.779924
plaq = 0.779967
plaq = 0.782644
plaq = 0.780604
plaq = 0.781687
plaq = 0.782606
plaq = 0.784969
plaq = 0.783043
plaq = 0.783996
plaq = 0.785065
plaq = 0.786681
plaq = 0.789028
plaq = 0.785343
plaq = 0.784202
plaq = 0.784569
plaq = 0.785552
plaq = 0.785137
plaq = 0.782125
plaq = 0.781632
plaq = 0.781051
plaq = 0.783259
plaq = 0.782570
plaq = 0.779624
plaq = 0.777106
plaq = 0.780886
plaq = 0.775018
plaq = 0.774765
plaq = 0.777023
plaq = 0.778192
plaq = 0.777336
plaq = 0.778414
plaq = 0.779921
plaq = 0.781477
plaq = 0.785038
plaq = 0.784701
plaq = 0.784761
plaq = 0.783577
plaq = 0.785645
plaq = 0.786154
plaq = 0.783817
plaq = 0.783151
plaq = 0.785492
plaq = 0.785847
plaq = 0.789497
plaq = 0.790128
plaq = 0.793090
plaq = 0.793844
plaq = 0.789661
plaq = 0.786734
plaq = 0.784987
plaq = 0.785785
plaq = 0.784449
plaq = 0.786512
plaq = 0.786119
plaq = 0.783963
plaq = 0.785014
plaq = 0.786504
plaq = 0.786158
plaq = 0.782380
plaq = 0.778986
plaq = 0.779579
plaq = 0.780343
plaq = 0.783129
plaq = 0.783270
plaq = 0.784023
plaq = 0.785147
plaq = 0.780407
plaq = 0.781039
plaq = 0.781222
plaq = 0.781315
plaq = 0.782623
plaq = 0.781678
plaq = 0.782106
plaq = 0.782060
plaq = 0.781863
plaq = 0.783662
plaq = 0.783550
plaq = 0.783461
plaq = 0.783932
plaq = 0.783371
plaq = 0.782070
plaq = 0.782297
plaq = 0.782568
plaq = 0.781208
plaq = 0.783553
plaq = 0.779565
plaq = 0.779751
plaq = 0.779785
plaq = 0.781693
plaq = 0.778991
plaq = 0.780043
plaq = 0.781315
plaq = 0.784109
plaq = 0.783287
plaq = 0.782281
plaq = 0.779389
plaq = 0.781764
plaq = 0.784551
plaq = 0.786649
plaq = 0.786541
plaq = 0.786707
plaq = 0.787738
plaq = 0.789205
plaq = 0.790238
plaq = 0.790702
plaq = 0.792179
plaq = 0.792854
plaq = 0.792394
plaq = 0.791982
plaq = 0.792332
plaq = 0.793200
plaq = 0.794451
plaq = 0.791402
plaq = 0.789289
plaq = 0.789817
plaq = 0.788716
plaq = 0.786651
plaq = 0.787104
*******************************
LATTICE QCD CODE
*******************************
Global parameters:
*******************************
Using a three-dimensional lattice:
latt  :	8x8x8
beta :	5.000000
eps   :	0.118000
nconf :	1000
dsw   :	1
therm :	300
nsave :	1
seed  :	17846
*******************************
Inline measurements:
None at the moment!
*******************************
Start from ??? configuration:
*******************************
